<?xml version="1.0" encoding="UTF-8"?>
<robot generator="Robot 3.2.1 (Python 3.7.7 on win32)" generated="20200519 14:08:02.585" rpa="false">
<suite id="s1" name="Tc1" source="C:\Users\motov\PycharmProjects\robotframe_001\Testcases\tc1.robot">
<test id="s1-t1" name="logintest">
<kw name="Open Browser" library="SeleniumLibrary">
<doc>Opens a new browser instance to the given ``url``.</doc>
<arguments>
<arg>${URL}</arg>
<arg>${browser}</arg>
</arguments>
<msg timestamp="20200519 14:08:02.817" level="INFO">Opening browser 'chrome' to base url 'https://demo.nopcommerce.com/'.</msg>
<status status="PASS" starttime="20200519 14:08:02.817" endtime="20200519 14:08:18.899"></status>
</kw>
<kw name="Sleep" library="BuiltIn">
<doc>Pauses the test executed for the given time.</doc>
<arguments>
<arg>5</arg>
</arguments>
<msg timestamp="20200519 14:08:23.903" level="INFO">Slept 5 seconds</msg>
<status status="PASS" starttime="20200519 14:08:18.902" endtime="20200519 14:08:23.904"></status>
</kw>
<kw name="Close Browser" library="SeleniumLibrary">
<doc>Closes the current browser.</doc>
<status status="PASS" starttime="20200519 14:08:23.905" endtime="20200519 14:08:26.130"></status>
</kw>
<status status="PASS" starttime="20200519 14:08:02.816" endtime="20200519 14:08:26.132" critical="yes"></status>
</test>
<status status="PASS" starttime="20200519 14:08:02.587" endtime="20200519 14:08:26.135"></status>
</suite>
<statistics>
<total>
<stat pass="1" fail="0">Critical Tests</stat>
<stat pass="1" fail="0">All Tests</stat>
</total>
<tag>
</tag>
<suite>
<stat pass="1" fail="0" id="s1" name="Tc1">Tc1</stat>
</suite>
</statistics>
<errors>
</errors>
</robot>
