<?xml version="1.0" encoding="UTF-8"?>
<robot generator="Robot 3.2.1 (Python 3.7.7 on win32)" generated="20200521 20:57:40.966" rpa="false">
<suite id="s1" name="Tc1" source="C:\Users\motov\PycharmProjects\robotframe_001\Testcases\tc1.robot">
<test id="s1-t1" name="Open_Page">
<kw name="Open_browser_page">
<kw name="Open Browser" library="SeleniumLibrary">
<doc>Opens a new browser instance to the given ``url``.</doc>
<arguments>
<arg>${URL}</arg>
<arg>${browser}</arg>
</arguments>
<msg timestamp="20200521 20:57:41.235" level="INFO">Opening browser 'chrome' to base url 'https://demo.nopcommerce.com/'.</msg>
<status status="PASS" starttime="20200521 20:57:41.234" endtime="20200521 20:57:47.375"></status>
</kw>
<kw name="Maximize Browser Window" library="SeleniumLibrary">
<doc>Maximizes current browser window.</doc>
<status status="PASS" starttime="20200521 20:57:47.376" endtime="20200521 20:57:49.520"></status>
</kw>
<kw name="Sleep" library="BuiltIn">
<doc>Pauses the test executed for the given time.</doc>
<arguments>
<arg>5</arg>
</arguments>
<msg timestamp="20200521 20:57:54.523" level="INFO">Slept 5 seconds</msg>
<status status="PASS" starttime="20200521 20:57:49.520" endtime="20200521 20:57:54.523"></status>
</kw>
<kw name="Set Selenium Speed" library="SeleniumLibrary">
<doc>Sets the delay that is waited after each Selenium command.</doc>
<arguments>
<arg>1</arg>
</arguments>
<status status="PASS" starttime="20200521 20:57:54.523" endtime="20200521 20:57:54.523"></status>
</kw>
<kw name="Click Link" library="SeleniumLibrary">
<doc>Clicks a link identified by ``locator``.</doc>
<arguments>
<arg>xpath://a[@class='ico-login']</arg>
</arguments>
<msg timestamp="20200521 20:57:54.524" level="INFO">Clicking link 'xpath://a[@class='ico-login']'.</msg>
<status status="PASS" starttime="20200521 20:57:54.523" endtime="20200521 20:57:59.297"></status>
</kw>
<kw name="Input Text" library="SeleniumLibrary">
<doc>Types the given ``text`` into text field identified by ``locator``.</doc>
<arguments>
<arg>id:Email</arg>
<arg>vinicius.mpinho@gmail.com</arg>
</arguments>
<msg timestamp="20200521 20:57:59.297" level="INFO">Typing text 'vinicius.mpinho@gmail.com' into text field 'id:Email'.</msg>
<status status="PASS" starttime="20200521 20:57:59.297" endtime="20200521 20:58:02.547"></status>
</kw>
<kw name="Input Text" library="SeleniumLibrary">
<doc>Types the given ``text`` into text field identified by ``locator``.</doc>
<arguments>
<arg>id:Password</arg>
<arg>123mudar</arg>
</arguments>
<msg timestamp="20200521 20:58:02.549" level="INFO">Typing text '123mudar' into text field 'id:Password'.</msg>
<status status="PASS" starttime="20200521 20:58:02.548" endtime="20200521 20:58:05.792"></status>
</kw>
<kw name="Click Element" library="SeleniumLibrary">
<doc>Click element identified by ``locator``.</doc>
<arguments>
<arg>xpath://input[@class='button-1 login-button']</arg>
</arguments>
<msg timestamp="20200521 20:58:05.794" level="INFO">Clicking element 'xpath://input[@class='button-1 login-button']'.</msg>
<status status="PASS" starttime="20200521 20:58:05.793" endtime="20200521 20:58:09.153"></status>
</kw>
<kw name="Sleep" library="BuiltIn">
<doc>Pauses the test executed for the given time.</doc>
<arguments>
<arg>5</arg>
</arguments>
<msg timestamp="20200521 20:58:14.156" level="INFO">Slept 5 seconds</msg>
<status status="PASS" starttime="20200521 20:58:09.153" endtime="20200521 20:58:14.156"></status>
</kw>
<status status="PASS" starttime="20200521 20:57:41.234" endtime="20200521 20:58:14.157"></status>
</kw>
<kw name="Sleep" library="BuiltIn">
<doc>Pauses the test executed for the given time.</doc>
<arguments>
<arg>5</arg>
</arguments>
<msg timestamp="20200521 20:58:19.159" level="INFO">Slept 5 seconds</msg>
<status status="PASS" starttime="20200521 20:58:14.158" endtime="20200521 20:58:19.159"></status>
</kw>
<status status="PASS" starttime="20200521 20:57:41.233" endtime="20200521 20:58:19.160" critical="yes"></status>
</test>
<test id="s1-t2" name="Click_logout_page">
<kw name="click_logout_button">
<kw name="Click Element" library="SeleniumLibrary">
<doc>Click element identified by ``locator``.</doc>
<arguments>
<arg>xpath://a[@class='ico-logout']</arg>
</arguments>
<msg timestamp="20200521 20:58:19.163" level="INFO">Clicking element 'xpath://a[@class='ico-logout']'.</msg>
<status status="PASS" starttime="20200521 20:58:19.162" endtime="20200521 20:58:22.176"></status>
</kw>
<kw name="Sleep" library="BuiltIn">
<doc>Pauses the test executed for the given time.</doc>
<arguments>
<arg>5</arg>
</arguments>
<msg timestamp="20200521 20:58:27.178" level="INFO">Slept 5 seconds</msg>
<status status="PASS" starttime="20200521 20:58:22.176" endtime="20200521 20:58:27.178"></status>
</kw>
<status status="PASS" starttime="20200521 20:58:19.162" endtime="20200521 20:58:27.178"></status>
</kw>
<status status="PASS" starttime="20200521 20:58:19.162" endtime="20200521 20:58:27.179" critical="yes"></status>
</test>
<test id="s1-t3" name="Close_navigator">
<kw name="Close_pages_browser">
<kw name="Close Browser" library="SeleniumLibrary">
<doc>Closes the current browser.</doc>
<status status="PASS" starttime="20200521 20:58:27.182" endtime="20200521 20:58:30.327"></status>
</kw>
<status status="PASS" starttime="20200521 20:58:27.181" endtime="20200521 20:58:30.328"></status>
</kw>
<status status="PASS" starttime="20200521 20:58:27.181" endtime="20200521 20:58:30.329" critical="yes"></status>
</test>
<status status="PASS" starttime="20200521 20:57:40.969" endtime="20200521 20:58:30.335"></status>
</suite>
<statistics>
<total>
<stat pass="3" fail="0">Critical Tests</stat>
<stat pass="3" fail="0">All Tests</stat>
</total>
<tag>
</tag>
<suite>
<stat pass="3" fail="0" id="s1" name="Tc1">Tc1</stat>
</suite>
</statistics>
<errors>
</errors>
</robot>
